New log file opened at Thu Aug 18 15:45:27 CEST 2016 by 13570@Admin2osx
Taking next connection to: 61999
New client attempting to connect on port: 62000-61999
  Address = /192.168.0.112:61999
This client on port 62000 has uuid c35f2974-b273-45a2-8e19-886ff464bd94 configName activator humanReadableName Activator protocolVersion 3 featureTags Vector()
Connected Clients: activator-c35f2974-b273-45a2-8e19-886ff464bd94
Taking next connection to: 61999
New client attempting to connect on port: 62001-61999
  Address = /192.168.0.112:61999
Handshake exception on socket: 62001
sbt.impl.ipc.HandshakeException: Unable to perform handshake
	at sbt.impl.ipc.Peer.handshake(IPC.scala:46)
	at sbt.impl.ipc.MultiClientServer.<init>(IPC.scala:150)
	at sbt.server.SbtServerSocketHandler$$anon$1.run(SbtServerSocketHandler.scala:43)
Caused by: java.io.EOFException
	at java.io.DataInputStream.readInt(DataInputStream.java:392)
	at sbt.impl.ipc.Peer.receive(IPC.scala:95)
	at sbt.impl.ipc.Peer.handshake(IPC.scala:49)
	... 2 more
Taking next connection to: 61999
New client attempting to connect on port: 62002-61999
  Address = /192.168.0.112:61999
This client on port 62002 has uuid c7d6c018-f695-4256-84d7-7a43aa883fcd configName activator humanReadableName Activator protocolVersion 3 featureTags Vector()
Connected Clients: activator-c35f2974-b273-45a2-8e19-886ff464bd94, activator-c7d6c018-f695-4256-84d7-7a43aa883fcd
Taking next connection to: 61999
Checking to see if clients are empty...
We have 1 non-daemon clients, continuing serving connections.
Taking next connection to: 61999
Checking to see if clients are empty...
We have 1 non-daemon clients, continuing serving connections.
Taking next connection to: 61999
New client attempting to connect on port: 62206-61999
  Address = /192.168.0.112:61999
Handshake exception on socket: 62206
sbt.impl.ipc.HandshakeException: Unable to perform handshake
	at sbt.impl.ipc.Peer.handshake(IPC.scala:46)
	at sbt.impl.ipc.MultiClientServer.<init>(IPC.scala:150)
	at sbt.server.SbtServerSocketHandler$$anon$1.run(SbtServerSocketHandler.scala:43)
Caused by: java.io.EOFException
	at java.io.DataInputStream.readInt(DataInputStream.java:392)
	at sbt.impl.ipc.Peer.receive(IPC.scala:95)
	at sbt.impl.ipc.Peer.handshake(IPC.scala:49)
	... 2 more
Taking next connection to: 61999
New client attempting to connect on port: 62207-61999
  Address = /192.168.0.112:61999
This client on port 62207 has uuid 53a4a4b2-5ea9-43f3-9ae7-edfab8e91773 configName activator humanReadableName Activator protocolVersion 3 featureTags Vector()
Connected Clients: activator-53a4a4b2-5ea9-43f3-9ae7-edfab8e91773
Taking next connection to: 61999
Server socket closed java.net.SocketException: Socket closed
Server socket thread exiting.
1 clients open, will close them...
All client sockets have been closed.
Closing the 13570@Admin2osx logs at Thu Aug 18 15:52:28 CEST 2016, goodbye.
